c:\users\user\source\repos\nopasaran\nopasaran\x64\release\vc142.pdb
c:\users\user\source\repos\nopasaran\nopasaran\x64\release\player.obj
c:\users\user\source\repos\nopasaran\nopasaran\x64\release\main.obj
c:\users\user\source\repos\nopasaran\nopasaran\x64\release\bullet.obj
c:\users\user\source\repos\nopasaran\nopasaran\x64\release\world.obj
c:\users\user\source\repos\nopasaran\nopasaran\x64\release\weapon.obj
c:\users\user\source\repos\nopasaran\nopasaran\x64\release\ui.obj
c:\users\user\source\repos\nopasaran\nopasaran\x64\release\tinyxmlparser.obj
c:\users\user\source\repos\nopasaran\nopasaran\x64\release\tinyxmlerror.obj
c:\users\user\source\repos\nopasaran\nopasaran\x64\release\tinyxml.obj
c:\users\user\source\repos\nopasaran\nopasaran\x64\release\tinystr.obj
c:\users\user\source\repos\nopasaran\nopasaran\x64\release\timer.obj
c:\users\user\source\repos\nopasaran\nopasaran\x64\release\pistol.obj
c:\users\user\source\repos\nopasaran\nopasaran\x64\release\parent.obj
c:\users\user\source\repos\nopasaran\nopasaran\x64\release\level.obj
c:\users\user\source\repos\nopasaran\nopasaran\x64\release\enemy.obj
c:\users\user\source\repos\nopasaran\nopasaran\x64\release\character.obj
c:\users\user\source\repos\nopasaran\nopasaran\x64\release\base.obj
c:\users\user\source\repos\nopasaran\nopasaran\x64\release\assetmanager.obj
c:\users\user\source\repos\nopasaran\x64\release\nopasaran.exe
c:\users\user\source\repos\nopasaran\x64\release\nopasaran.pdb
c:\users\user\source\repos\nopasaran\x64\release\nopasaran.ipdb
c:\users\user\source\repos\nopasaran\x64\release\nopasaran.iobj
c:\users\user\source\repos\nopasaran\nopasaran\x64\release\nopasaran.tlog\cl.command.1.tlog
c:\users\user\source\repos\nopasaran\nopasaran\x64\release\nopasaran.tlog\cl.read.1.tlog
c:\users\user\source\repos\nopasaran\nopasaran\x64\release\nopasaran.tlog\cl.write.1.tlog
c:\users\user\source\repos\nopasaran\nopasaran\x64\release\nopasaran.tlog\link.command.1.tlog
c:\users\user\source\repos\nopasaran\nopasaran\x64\release\nopasaran.tlog\link.read.1.tlog
c:\users\user\source\repos\nopasaran\nopasaran\x64\release\nopasaran.tlog\link.write.1.tlog
c:\users\user\source\repos\nopasaran\nopasaran\x64\release\nopasaran.tlog\nopasaran.write.1u.tlog
